<?xml version="1.0" encoding="UTF-8"?>
<!-- Generated by org.testng.reporters.JUnitXMLReporter -->
<testsuite hostname="HOME" ignored="0" name="Command line test" tests="5" failures="0" timestamp="25 Feb 2018 18:31:45 GMT" time="13.794" errors="0">
  <testcase name="postTweet" time="6.965" classname="com.letskodeit.statuses.TwitterWorkflowTest"/>
  <testcase name="readTweet" time="0.839" classname="com.letskodeit.statuses.TwitterWorkflowTest"/>
  <testcase name="deleteTweet" time="0.687" classname="com.letskodeit.statuses.TwitterWorkflowTest"/>
  <testcase name="readTweets1" time="1.728" classname="com.letskodeit.statuses.UserTimelineTest"/>
  <testcase name="readTweets2" time="0.659" classname="com.letskodeit.statuses.UserTimelineTest"/>
</testsuite> <!-- Command line test -->
