<?xml version="1.0" encoding="UTF-8"?>
<testng-results skipped="0" failed="0" ignored="0" total="5" passed="5">
  <reporter-output>
  </reporter-output>
  <suite name="Command line suite" duration-ms="13794" started-at="2018-02-25T18:31:31Z" finished-at="2018-02-25T18:31:45Z">
    <groups>
    </groups>
    <test name="Command line test" duration-ms="13794" started-at="2018-02-25T18:31:31Z" finished-at="2018-02-25T18:31:45Z">
      <class name="com.letskodeit.statuses.TwitterWorkflowTest">
        <test-method status="PASS" signature="setup()[pri:0, instance:com.letskodeit.statuses.TwitterWorkflowTest@5702b3b1]" name="setup" is-config="true" duration-ms="1950" started-at="2018-02-26T00:01:31Z" finished-at="2018-02-26T00:01:33Z">
          <reporter-output>
          </reporter-output>
        </test-method> <!-- setup -->
        <test-method status="PASS" signature="beforeMethod(java.lang.reflect.Method)[pri:0, instance:com.letskodeit.statuses.TwitterWorkflowTest@5702b3b1]" name="beforeMethod" is-config="true" duration-ms="23" started-at="2018-02-26T00:01:33Z" finished-at="2018-02-26T00:01:33Z">
          <params>
            <param index="0">
              <value>
                <![CDATA[public void com.letskodeit.statuses.TwitterWorkflowTest.postTweet()]]>
              </value>
            </param>
          </params>
          <reporter-output>
          </reporter-output>
        </test-method> <!-- beforeMethod -->
        <test-method status="PASS" signature="postTweet()[pri:0, instance:com.letskodeit.statuses.TwitterWorkflowTest@5702b3b1]" name="postTweet" duration-ms="6965" started-at="2018-02-26T00:01:33Z" finished-at="2018-02-26T00:01:40Z">
          <reporter-output>
          </reporter-output>
        </test-method> <!-- postTweet -->
        <test-method status="PASS" signature="afterMethod(org.testng.ITestResult)[pri:0, instance:com.letskodeit.statuses.TwitterWorkflowTest@5702b3b1]" name="afterMethod" is-config="true" duration-ms="1" started-at="2018-02-26T00:01:40Z" finished-at="2018-02-26T00:01:40Z">
          <params>
            <param index="0">
              <value>
                <![CDATA[[TestResult name=postTweet status=SUCCESS method=TwitterWorkflowTest.postTweet()[pri:0, instance:com.letskodeit.statuses.TwitterWorkflowTest@5702b3b1] output={null}]]]>
              </value>
            </param>
          </params>
          <reporter-output>
          </reporter-output>
        </test-method> <!-- afterMethod -->
        <test-method status="PASS" signature="beforeMethod(java.lang.reflect.Method)[pri:0, instance:com.letskodeit.statuses.TwitterWorkflowTest@5702b3b1]" name="beforeMethod" is-config="true" duration-ms="1" started-at="2018-02-26T00:01:40Z" finished-at="2018-02-26T00:01:40Z">
          <params>
            <param index="0">
              <value>
                <![CDATA[public void com.letskodeit.statuses.TwitterWorkflowTest.readTweet()]]>
              </value>
            </param>
          </params>
          <reporter-output>
          </reporter-output>
        </test-method> <!-- beforeMethod -->
        <test-method status="PASS" signature="readTweet()[pri:0, instance:com.letskodeit.statuses.TwitterWorkflowTest@5702b3b1]" name="readTweet" duration-ms="839" started-at="2018-02-26T00:01:40Z" depends-on-methods="com.letskodeit.statuses.TwitterWorkflowTest.postTweet" finished-at="2018-02-26T00:01:41Z">
          <reporter-output>
          </reporter-output>
        </test-method> <!-- readTweet -->
        <test-method status="PASS" signature="afterMethod(org.testng.ITestResult)[pri:0, instance:com.letskodeit.statuses.TwitterWorkflowTest@5702b3b1]" name="afterMethod" is-config="true" duration-ms="1" started-at="2018-02-26T00:01:41Z" finished-at="2018-02-26T00:01:41Z">
          <params>
            <param index="0">
              <value>
                <![CDATA[[TestResult name=readTweet status=SUCCESS method=TwitterWorkflowTest.readTweet()[pri:0, instance:com.letskodeit.statuses.TwitterWorkflowTest@5702b3b1] output={null}]]]>
              </value>
            </param>
          </params>
          <reporter-output>
          </reporter-output>
        </test-method> <!-- afterMethod -->
        <test-method status="PASS" signature="beforeMethod(java.lang.reflect.Method)[pri:0, instance:com.letskodeit.statuses.TwitterWorkflowTest@5702b3b1]" name="beforeMethod" is-config="true" duration-ms="2" started-at="2018-02-26T00:01:41Z" finished-at="2018-02-26T00:01:41Z">
          <params>
            <param index="0">
              <value>
                <![CDATA[public void com.letskodeit.statuses.TwitterWorkflowTest.deleteTweet()]]>
              </value>
            </param>
          </params>
          <reporter-output>
          </reporter-output>
        </test-method> <!-- beforeMethod -->
        <test-method status="PASS" signature="deleteTweet()[pri:0, instance:com.letskodeit.statuses.TwitterWorkflowTest@5702b3b1]" name="deleteTweet" duration-ms="687" started-at="2018-02-26T00:01:41Z" depends-on-methods="com.letskodeit.statuses.TwitterWorkflowTest.readTweet" finished-at="2018-02-26T00:01:42Z">
          <reporter-output>
          </reporter-output>
        </test-method> <!-- deleteTweet -->
        <test-method status="PASS" signature="afterMethod(org.testng.ITestResult)[pri:0, instance:com.letskodeit.statuses.TwitterWorkflowTest@5702b3b1]" name="afterMethod" is-config="true" duration-ms="1" started-at="2018-02-26T00:01:42Z" finished-at="2018-02-26T00:01:42Z">
          <params>
            <param index="0">
              <value>
                <![CDATA[[TestResult name=deleteTweet status=SUCCESS method=TwitterWorkflowTest.deleteTweet()[pri:0, instance:com.letskodeit.statuses.TwitterWorkflowTest@5702b3b1] output={null}]]]>
              </value>
            </param>
          </params>
          <reporter-output>
          </reporter-output>
        </test-method> <!-- afterMethod -->
        <test-method status="PASS" signature="endTest()[pri:0, instance:com.letskodeit.statuses.TwitterWorkflowTest@5702b3b1]" name="endTest" is-config="true" duration-ms="833" started-at="2018-02-26T00:01:42Z" finished-at="2018-02-26T00:01:42Z">
          <reporter-output>
          </reporter-output>
        </test-method> <!-- endTest -->
      </class> <!-- com.letskodeit.statuses.TwitterWorkflowTest -->
      <class name="com.letskodeit.statuses.UserTimelineTest">
        <test-method status="PASS" signature="setup()[pri:0, instance:com.letskodeit.statuses.UserTimelineTest@4b952a2d]" name="setup" is-config="true" duration-ms="2" started-at="2018-02-26T00:01:42Z" finished-at="2018-02-26T00:01:42Z">
          <reporter-output>
          </reporter-output>
        </test-method> <!-- setup -->
        <test-method status="PASS" signature="readTweets1()[pri:0, instance:com.letskodeit.statuses.UserTimelineTest@4b952a2d]" name="readTweets1" duration-ms="1728" started-at="2018-02-26T00:01:42Z" finished-at="2018-02-26T00:01:44Z">
          <reporter-output>
          </reporter-output>
        </test-method> <!-- readTweets1 -->
        <test-method status="PASS" signature="readTweets2()[pri:0, instance:com.letskodeit.statuses.UserTimelineTest@4b952a2d]" name="readTweets2" duration-ms="659" started-at="2018-02-26T00:01:44Z" finished-at="2018-02-26T00:01:45Z">
          <reporter-output>
          </reporter-output>
        </test-method> <!-- readTweets2 -->
      </class> <!-- com.letskodeit.statuses.UserTimelineTest -->
    </test> <!-- Command line test -->
  </suite> <!-- Command line suite -->
</testng-results>
